*** Start analyzing build configuration ***
*** List of included argument files ***
    Build configuration file:  /home/student/kbajur/VDIC/.dvt/lab4part2.build
    -F /home/student/kbajur/VDIC/lab04part2/tb/tb.f
*** Done analyzing build configuration [12 ms] ***
Loaded compile waivers from /home/student/kbajur/VDIC/.dvt/waivers.xml for project VDIC

*** Start SystemVerilog build ***
*** Invocation #1***
Loading (1) /home/student/kbajur/VDIC/lab04part2/tb/mult_pkg.sv ...
Loading (2) /home/student/kbajur/VDIC/lab04part2/tb/tb_classes/coverage.svh ...
Done /home/student/kbajur/VDIC/lab04part2/tb/tb_classes/coverage.svh [16 ms, 116 lines, SystemVerilog_2012] ...
Loading (3) /home/student/kbajur/VDIC/lab04part2/tb/tb_classes/tpgen.svh ...
Done /home/student/kbajur/VDIC/lab04part2/tb/tb_classes/tpgen.svh [0 ms, 116 lines, SystemVerilog_2012] ...
Loading (4) /home/student/kbajur/VDIC/lab04part2/tb/tb_classes/scoreboard.svh ...
Done /home/student/kbajur/VDIC/lab04part2/tb/tb_classes/scoreboard.svh [2 ms, 182 lines, SystemVerilog_2012] ...
Loading (5) /home/student/kbajur/VDIC/lab04part2/tb/tb_classes/testbench.svh ...
Done /home/student/kbajur/VDIC/lab04part2/tb/tb_classes/testbench.svh [0 ms, 43 lines, SystemVerilog_2012] ...
Done /home/student/kbajur/VDIC/lab04part2/tb/mult_pkg.sv [0 ms, 25 lines, SystemVerilog_2012] ...
Loading (6) /home/student/kbajur/VDIC/lab04part2/tb/mult_bfm.sv ...
Done /home/student/kbajur/VDIC/lab04part2/tb/mult_bfm.sv [1 ms, 84 lines, SystemVerilog_2012] ...
Loading (7) /home/student/kbajur/VDIC/common/vdic_dut_2023.svp ...
Done /home/student/kbajur/VDIC/common/vdic_dut_2023.svp [0 ms, 183 lines, SystemVerilog_2012] ...
Loading (8) /home/student/kbajur/VDIC/lab04part2/tb/top.sv ...
Loading (9) /home/student/kbajur/VDIC/lab04part2/tb/tinyalu_macros.svh ...
Done /home/student/kbajur/VDIC/lab04part2/tb/tinyalu_macros.svh [0 ms, 16 lines, SystemVerilog_2012] ...
Done /home/student/kbajur/VDIC/lab04part2/tb/top.sv [0 ms, 45 lines, SystemVerilog_2012] ...
*** Done invocation #1 [14 ms] ***
*** Done parsing [LT 9.0 ms, PT 14.0 ms] ***
*** Total number of lines [810] ***
Performing post full build actions ...
Performing post full build step 1 (SRI) [0 ms] ...
Performing post full build step 2 (RI) [0 ms] ...
Performing post full build step 3 (RCP) [0 ms] ...
*** Done SystemVerilog build [24 ms] ***

*** Start mixed mode extension build ***
Performing mixed post full build step (VLOG - RI) [0 ms] ...
*** Warning: UNSPECIFIED_TOP: Please specify a -top module/entity/configuration in the project build file
*** Top design candidates: work.top
Performing mixed post full build step (MIXED - ELAB) [203 ms] ...
Performing mixed post full build step (MIXED - UNEL) [52 ms] ...
Performing mixed post full build step (VLOG - RD) [0 ms] ...
Performing mixed post full build step (VLOG - FSC) [52 ms] ...
Performing mixed post full build step (VLOG - EV) [52 ms] ...
Performing mixed post full build step (VLOG - ELPC) [50 ms] ...
Performing mixed post full build step (VLOG - US) [53 ms] ...
Waive [WARNING/DISABLED on project VDIC : SVSM SVSMW : SIGNAL_NEVER_USED: Signal 'clk' is never used in file /home/student/kbajur/VDIC/common/vdic_dut_2023.svp at line 51] by [Waiver 'SIGNAL_NEVER_USED' to 'DISABLED']
Waive [WARNING/DISABLED on project VDIC : SVSM SVSMW : SIGNAL_NEVER_USED: Signal 'rst_n' is never used in file /home/student/kbajur/VDIC/common/vdic_dut_2023.svp at line 52] by [Waiver 'SIGNAL_NEVER_USED' to 'DISABLED']
Waive [WARNING/DISABLED on project VDIC : SVSM SVSMW : SIGNAL_NEVER_USED: Signal 'arg_a' is never used in file /home/student/kbajur/VDIC/common/vdic_dut_2023.svp at line 53] by [Waiver 'SIGNAL_NEVER_USED' to 'DISABLED']
Waive [WARNING/DISABLED on project VDIC : SVSM SVSMW : SIGNAL_NEVER_USED: Signal 'arg_a_parity' is never used in file /home/student/kbajur/VDIC/common/vdic_dut_2023.svp at line 54] by [Waiver 'SIGNAL_NEVER_USED' to 'DISABLED']
Waive [WARNING/DISABLED on project VDIC : SVSM SVSMW : SIGNAL_NEVER_USED: Signal 'arg_b' is never used in file /home/student/kbajur/VDIC/common/vdic_dut_2023.svp at line 55] by [Waiver 'SIGNAL_NEVER_USED' to 'DISABLED']
Waive [WARNING/DISABLED on project VDIC : SVSM SVSMW : SIGNAL_NEVER_USED: Signal 'arg_b_parity' is never used in file /home/student/kbajur/VDIC/common/vdic_dut_2023.svp at line 56] by [Waiver 'SIGNAL_NEVER_USED' to 'DISABLED']
Waive [WARNING/DISABLED on project VDIC : SVSM SVSMW : SIGNAL_NEVER_USED: Signal 'req' is never used in file /home/student/kbajur/VDIC/common/vdic_dut_2023.svp at line 57] by [Waiver 'SIGNAL_NEVER_USED' to 'DISABLED']
Waive [WARNING/DISABLED on project VDIC : SVSM SVSMW : SIGNAL_NEVER_USED: Signal 'ack' is never used in file /home/student/kbajur/VDIC/common/vdic_dut_2023.svp at line 58] by [Waiver 'SIGNAL_NEVER_USED' to 'DISABLED']
Waive [WARNING/DISABLED on project VDIC : SVSM SVSMW : SIGNAL_NEVER_USED: Signal 'result' is never used in file /home/student/kbajur/VDIC/common/vdic_dut_2023.svp at line 59] by [Waiver 'SIGNAL_NEVER_USED' to 'DISABLED']
Waive [WARNING/DISABLED on project VDIC : SVSM SVSMW : SIGNAL_NEVER_USED: Signal 'result_parity' is never used in file /home/student/kbajur/VDIC/common/vdic_dut_2023.svp at line 60] by [Waiver 'SIGNAL_NEVER_USED' to 'DISABLED']
Waive [WARNING/DISABLED on project VDIC : SVSM SVSMW : SIGNAL_NEVER_USED: Signal 'result_rdy' is never used in file /home/student/kbajur/VDIC/common/vdic_dut_2023.svp at line 61] by [Waiver 'SIGNAL_NEVER_USED' to 'DISABLED']
Waive [WARNING/DISABLED on project VDIC : SVSM SVSMW : SIGNAL_NEVER_USED: Signal 'arg_parity_error' is never used in file /home/student/kbajur/VDIC/common/vdic_dut_2023.svp at line 62] by [Waiver 'SIGNAL_NEVER_USED' to 'DISABLED']
*** Done mixed mode extension build [525 ms] ***
*** Start adding/validating the DVT Auto-Linked resources ***
*** Done adding/validating the DVT Auto-Linked resources [2 ms] ***
*** Total build time [571 ms] ***
Waiver 'Disable by message' defined in '/home/student/kbajur/VDIC/.dvt/waivers.xml' at line 4 applied to 0 problems
Waiver 'Demote by path' defined in '/home/student/kbajur/VDIC/.dvt/waivers.xml' at line 8 applied to 0 problems
Waiver 'Promote by path OR message' defined in '/home/student/kbajur/VDIC/.dvt/waivers.xml' at line 12 applied to 0 problems
Waiver 'Disable by path AND message' defined in '/home/student/kbajur/VDIC/.dvt/waivers.xml' at line 17 applied to 0 problems
Waiver 'SIGNAL_NEVER_USED' defined in '/home/student/kbajur/VDIC/.dvt/waivers.xml' at line 21 applied to 12 problems
There are 12 waived problems. Check the build log file for details:
/home/student/kbajur/VDIC/dvt_build.log
Loaded compile waivers from /home/student/kbajur/VDIC/.dvt/waivers.xml for project VDIC
