*I,RUNLD: Successfully loaded run /home/student/kbajur/VDIC/lab08_2/run/cov_work/scope/dual_test.
*I,MERGL1: Merging Simulation Coverage ...
----------------------------
*I,MERGL1: Preparing target model ...
*I,MERGL1: Reading model of primary run (cov_work/scope/dual_test) as initial model: cov_work/scope/icc_3069e543_3cb4fbc0.ucm
*I,MERGL1: Target model generated successfully.
*I,MERGL1: Projecting Simulation ucd data into the target model ...
*I,MERGL2:   cov_work/scope/dual_test:
*I,MERGL3:       Data is projected in to the target model.
*I,MERGL1: Writing output database cov_work/scope/merged_results:
*I,MERGL2:   Model: cov_work/scope/merged_results/icc_3069e543_3cb4fbc0.ucm
*I,MERGL2:   Data : cov_work/scope/merged_results/icc_3069e543_3cb4fbc0.ucd
*I,MERGL1: No Specman coverage databases found in the runs.
Total conflicts during target model creation: 0
Total items not merged                      : 0
Total runs not considered during target model creation: 0
Total runs not merged                                 : 0
*I,RUNLD: Successfully loaded run /home/student/kbajur/VDIC/lab08_2/run/cov_work/scope/merged_results.
*W,REPDEP: This is a legacy report and no future enhancement is planned for this report. It is recommended that you use the 'report_metrics' command and generate a dynamic report.
name                                     Overall Average      Overall Covered      Code Average         Code Covered         Fsm Average          Fsm Covered          Functional Average   Functional Covered   
-----------------------------------------------------------------------------------------------------------------------------------------------------------------------------------------------------------------
uvm_pkg                                  n/a                  n/a                  n/a                  n/a                  n/a                  n/a                  n/a                  n/a                  
|--uvm_test_top                          n/a                  n/a                  n/a                  n/a                  n/a                  n/a                  n/a                  n/a                  
| |--env_h                               n/a                  n/a                  n/a                  n/a                  n/a                  n/a                  n/a                  n/a                  
| | |--class_mult_agent_h                n/a                  n/a                  n/a                  n/a                  n/a                  n/a                  n/a                  n/a                  
| | | |--coverage_h                      20.83%               18.75% (3/16)        n/a                  n/a                  n/a                  n/a                  20.83%               18.75% (3/16)        
| | |--module_mult_agent_h               n/a                  n/a                  n/a                  n/a                  n/a                  n/a                  n/a                  n/a                  
| | | |--coverage_h                      70.83%               68.75% (11/16)       n/a                  n/a                  n/a                  n/a                  70.83%               68.75% (11/16)       
top                                      100.00%              100.00% (3/3)        100.00%              100.00% (3/3)        n/a                  n/a                  n/a                  n/a                  
|--class_bfm                             96.49%               96.94% (95/98)       96.49%               96.94% (95/98)       n/a                  n/a                  n/a                  n/a                  
|--class_dut                             100.00%              100.00% (73/73)      100.00%              100.00% (73/73)      n/a                  n/a                  n/a                  n/a                  
|--module_bfm                            86.32%               83.67% (82/98)       86.32%               83.67% (82/98)       n/a                  n/a                  n/a                  n/a                  
|--module_dut                            80.82%               80.82% (59/73)       80.82%               80.82% (59/73)       n/a                  n/a                  n/a                  n/a                  
|--stim_module                           78.99%               80.49% (33/41)       78.99%               80.49% (33/41)       n/a                  n/a                  n/a                  n/a                  
