TOOL:	xrun	21.03-s009: Started on Nov 19, 2023 at 21:03:57 CET
xrun
	-elaborate
	-l xrun_elaborate.log
	-F ../tb/tb.f
		mult_pkg.sv
		mult_bfm.sv
		../../common/vdic_dut_2023.svp
		top.sv
		+incdir+tb_classes
		+incdir+.
		+nowarn+DSEMEL
	-v93
	+nowarnDSEM2009
	+nowarnDSEMEL
	+nowarnCGDEFN
	+nowarnCOVUTA
	+nowarnBADPRF
	+nowarnXCLGNOPTM
	+nowarnRNDXCELON
	+nowarnSAWSTP
	-xmlibdirname INCA_libs
	+overwrite
	-nocopyright
	-coverage all
	-covoverwrite
	-covfile xrun_covfile.txt
		Caching library 'worklib' ....... Done
	Elaborating the design hierarchy:
	Top level design units:
		mult_pkg
		top

	Extracting FSMs for coverage:
		worklib.top
	Total FSMs extracted = 0
	Building instance overlay tables: .................... Done
	Enabling instrumentation for coverage types: block expression FSM toggle functional
	Generating native compiled code:
		worklib.vdic_dut_2023:svp <0x2b668160>
			streams:  25, words: 13928
		worklib.top:sv <0x639bec87>
			streams:  13, words:  3874
		worklib.mult_pkg:sv <0x1399ac17>
			streams:  10, words:  5506
		worklib.mult_pkg:sv <0x287087fb>
			streams:  10, words:  8127
		worklib.mult_pkg:sv <0x489811d5>
			streams:  12, words:  9202
		worklib.mult_pkg:sv <0x21e2f99e>
			streams:  16, words: 28562
		worklib.mult_pkg:sv <0x5835d757>
			streams:   0, words:     0
		worklib.mult_bfm:sv <0x2e6ff23f>
			streams:   5, words:  9402
	Building instance specific data structures.
	Performing constant object marking (COM) analysis.
	Loading native compiled code:     .................... Done
	Design hierarchy summary:
		                     Instances  Unique
		Modules:                     2       2
		Interfaces:                  1       1
		Verilog packages:            1       1
		Registers:                  94     111
		Scalar wires:               17       -
		Vectored wires:             10       -
		Always blocks:               1       1
		Initial blocks:              4       4
		Parallel blocks:             2       2
		Cont. assignments:           8      10
		Pseudo assignments:         12      12
		Assertions:                  1       1
		Covergroup Instances:        0       2
		SV Class declarations:       4       4
		SV Class specializations:    4       4
		Simulation timescale:      1ps
	Writing initial simulation snapshot: worklib.top:sv
TOOL:	xrun	21.03-s009: Exiting on Nov 19, 2023 at 21:03:57 CET  (total: 00:00:00)
