/eda/cadence/2021-22/RHELx86/XCELIUM_21.03.009/tools.lnx86/inca/bin/xmvlog_cg
Obtained 46 stack frames.
/eda/cadence/2021-22/RHELx86/XCELIUM_21.03.009/tools.lnx86/inca/bin/../../lib/libcbreakpad.so(_Z13use_backtracev+0xa1) [0xf72d42b0]
/eda/cadence/2021-22/RHELx86/XCELIUM_21.03.009/tools.lnx86/inca/bin/../../lib/libcbreakpad.so(cbpad_generate_dump_on_demand+0x90) [0xf72d462b]
xmvlog_cg() [0x86d9260]
xmvlog_cg() [0x86da6fa]
xmvlog_cg() [0x82031c1]
xmvlog_cg() [0x81defc0]
xmvlog_cg() [0x81e276e]
xmvlog_cg() [0x80c164e]
xmvlog_cg() [0x80d33ff]
xmvlog_cg() [0x80bfd68]
xmvlog_cg() [0x8107cff]
xmvlog_cg() [0x80c08c7]
xmvlog_cg() [0x80d33ff]
xmvlog_cg() [0x80bfd68]
xmvlog_cg() [0x80fc3ee]
xmvlog_cg() [0x80882ae]
xmvlog_cg() [0x80d21ee]
xmvlog_cg() [0x818dbdf]
xmvlog_cg() [0x81bda38]
xmvlog_cg() [0x8297eb9]
xmvlog_cg() [0x81b517e]
xmvlog_cg() [0x81b8cfd]
xmvlog_cg() [0x81cfcbd]
xmvlog_cg() [0x81d256c]
xmvlog_cg() [0x81b54cc]
xmvlog_cg() [0x81b8cfd]
xmvlog_cg() [0x81c0c20]
xmvlog_cg() [0x8297eb9]
xmvlog_cg() [0x81b5138]
xmvlog_cg() [0x81b8cfd]
xmvlog_cg() [0x81cfcbd]
xmvlog_cg() [0x81d256c]
xmvlog_cg() [0x81b54cc]
xmvlog_cg() [0x81b8cfd]
xmvlog_cg() [0x81c39b4]
xmvlog_cg() [0x81b536e]
xmvlog_cg() [0x81b8cfd]
xmvlog_cg() [0x81cfcbd]
xmvlog_cg() [0x81d256c]
xmvlog_cg() [0x81b54cc]
xmvlog_cg() [0x81b8cfd]
xmvlog_cg() [0x816fdde]
xmvlog_cg() [0x812ccf0]
xmvlog_cg() [0x80555d8]
/lib/libc.so.6(__libc_start_main+0xf3) [0xf732d2d3]
xmvlog_cg() [0x80567c6]
