TOOL:	xrun	21.03-s009: Started on Dec 06, 2023 at 15:30:40 CET
xrun
	-elaborate
	-l xrun_elaborate.log
	-F ../tb/tb.f
		tinyalu_pkg.sv
		tinyalu_bfm.sv
		-F ../tb/../../common/tinyalu/tinyalu.f
			single_cycle.sv
			three_cycle.sv
			tinyalu.sv
		top.sv
		+incdir+tb_classes
		+incdir+.
		+nowarn+DSEMEL
		+nowarnBADPRF
		-uvm
		-uvmhome /eda/cadence/2021-22/RHELx86/XCELIUM_21.03.009/tools/methodology/UVM/CDNS-1.2/sv
		+UVM_NO_RELNOTES
		+UVM_VERBOSITY=MEDIUM
		-linedebug
		-fsmdebug
		-uvmlinedebug
	-v93
	+nowarnDSEM2009
	+nowarnDSEMEL
	+nowarnCGDEFN
	+nowarnCOVUTA
	+nowarnBADPRF
	+nowarnXCLGNOPTM
	+nowarnRNDXCELON
	+nowarnSAWSTP
	-xmlibdirname INCA_libs
	+overwrite
	-nocopyright
	-coverage all
	-covoverwrite
	-covfile xrun_covfile.txt

   User defined plus("+") options:
	+UVM_NO_RELNOTES
	+UVM_VERBOSITY=MEDIUM

		Caching library 'worklib' ....... Done
	Elaborating the design hierarchy:
	Top level design units:
		uvm_pkg
		cdns_uvmapi
		cdns_assert2uvm_pkg
		cdns_uvm_pkg
		tinyalu_pkg
		$unit_0x2a701214
		top

	Extracting FSMs for coverage:
		worklib.single_cycle
		worklib.three_cycle
		worklib.tinyalu
		worklib.top
	Total FSMs extracted = 0
	Building instance overlay tables: .................... Done
	Enabling instrumentation for coverage types: block expression FSM toggle functional
	Generating native compiled code:
		worklib.three_cycle:sv <0x1b40567f>
			streams:  13, words:  6290
		worklib.single_cycle:sv <0x796733ba>
			streams:  10, words:  6145
		worklib.tinyalu:sv <0x40738883>
			streams:   4, words:  3524
		worklib.uvm_pkg:sv <0x4125abfd>
			streams:   8, words:  7892
		worklib.uvm_pkg:sv <0x7560ecb8>
			streams:   8, words:  7580
		worklib.uvm_pkg:sv <0x2b47738d>
			streams:   7, words:  7057
		worklib.uvm_pkg:sv <0x0a8b04b1>
			streams:  29, words: 28118
		worklib.uvm_pkg:sv <0x71c3d76d>
			streams:   7, words:  2315
		worklib.uvm_pkg:sv <0x0996e4dc>
			streams:  26, words: 62449
		worklib.uvm_pkg:sv <0x24a68853>
			streams:   7, words:  2309
		worklib.uvm_pkg:sv <0x56ff0a29>
			streams:   7, words:  2972
		worklib.uvm_pkg:sv <0x1c00a2eb>
			streams:   7, words:  2972
		worklib.uvm_pkg:sv <0x56a44a4d>
			streams:  18, words: 18890
		worklib.uvm_pkg:sv <0x599c1b2b>
			streams:  28, words: 31934
		worklib.uvm_pkg:sv <0x01368b87>
			streams:  27, words: 30028
		worklib.uvm_pkg:sv <0x2dc7f21d>
			streams:  23, words: 28508
		worklib.uvm_pkg:sv <0x7d1e32f8>
			streams:  17, words: 17760
		worklib.uvm_pkg:sv <0x7c1d1e01>
			streams:  26, words: 49807
		worklib.uvm_pkg:sv <0x26e8a86a>
			streams:   7, words:  2570
		worklib.uvm_pkg:sv <0x59204180>
			streams:  16, words: 22579
		worklib.uvm_pkg:sv <0x03e84a2d>
			streams:  26, words: 36999
		worklib.uvm_pkg:sv <0x028d6609>
			streams:  25, words: 62985
		worklib.uvm_pkg:sv <0x0ff24f0a>
			streams:  27, words: 40179
		worklib.uvm_pkg:sv <0x7346c81b>
			streams:  26, words: 56028
		worklib.uvm_pkg:sv <0x46249357>
			streams:  27, words: 43424
		worklib.uvm_pkg:sv <0x56fb93ee>
			streams:  25, words: 61988
		worklib.uvm_pkg:sv <0x2bf43845>
			streams:  27, words: 45553
		worklib.uvm_pkg:sv <0x2e3e0666>
			streams:  25, words: 66963
		worklib.uvm_pkg:sv <0x54dc7e5e>
			streams:  27, words: 51671
		worklib.uvm_pkg:sv <0x0d75d29a>
			streams:  25, words: 61311
		worklib.uvm_pkg:sv <0x1fc3b508>
			streams:  25, words: 62868
		worklib.uvm_pkg:sv <0x47b00e5a>
			streams:  27, words: 42325
		worklib.uvm_pkg:sv <0x51205f69>
			streams:  25, words: 58906
		worklib.uvm_pkg:sv <0x4a181102>
			streams:  29, words: 108740
		worklib.uvm_pkg:sv <0x3066e142>
			streams:  72, words: 143728
		worklib.cdns_uvm_pkg:sv <0x484bc987>
			streams:   9, words:  5026
		worklib.cdns_uvm_pkg:sv <0x4c137e6f>
			streams:  10, words:  8472
		worklib.uvm_pkg:sv <0x65830ac8>
			streams:  23, words: 21994
		worklib.tinyalu_pkg:sv <0x736e12a2>
			streams:  24, words: 24988
		worklib.uvm_pkg:sv <0x357df593>
			streams:   7, words:  2972
		worklib.uvm_pkg:sv <0x1d342687>
			streams:  24, words: 28843
		worklib.uvm_pkg:sv <0x47a62738>
			streams:  33, words: 36246
		worklib.uvm_pkg:sv <0x1001a560>
			streams:  33, words: 34985
		worklib.uvm_pkg:sv <0x22afcdf5>
			streams:  40, words: 34546
		worklib.uvm_pkg:sv <0x10d5c500>
			streams: 120, words: 112681
		worklib.uvm_pkg:sv <0x607d1a88>
			streams:  24, words: 25007
		worklib.tinyalu_bfm:sv <0x65e9b408>
			streams: 286, words: 444769
		worklib.tinyalu_pkg:sv <0x7213b78a>
			streams:   8, words: 11585
		worklib.tinyalu_pkg:sv <0x0542083c>
			streams:  28, words: 34238
		worklib.tinyalu_pkg:sv <0x010b1d91>
			streams:   1, words:  3427
		worklib.cdns_uvm_pkg:sv <0x62fe4bd2>
			streams: 232, words: 440359
		worklib.cdns_uvmapi:svp <0x7c766488>
			streams:  27, words: 36495
		worklib.cdns_assert2uvm_pkg:sv <0x08e8564c>
			streams:   3, words:  2676
		worklib.uvm_pkg:sv <0x4a7342ab>
			streams: 5575, words: 10814908
	Building instance specific data structures.
	Performing constant object marking (COM) analysis.
	Loading native compiled code:     .................... Done
	Design hierarchy summary:
		                       Instances  Unique
		Modules:                       4       4
		Interfaces:                    1       1
		Verilog packages:              5       5
		Registers:                 16454   11733
		Scalar wires:                  9       -
		Vectored wires:                8       -
		Named events:                  4      12
		Always blocks:                 5       5
		Initial blocks:              333     169
		Parallel blocks:              27      28
		Cont. assignments:             5       5
		Pseudo assignments:            6       6
		Assertions:                    7       7
		Covergroup Instances:          0       2
		Compilation units:             1       1
		SV Class declarations:       239     351
		SV Class specializations:    444     444
		Simulation timescale:        1ps
	Writing initial simulation snapshot: worklib.top:sv
TOOL:	xrun	21.03-s009: Exiting on Dec 06, 2023 at 15:30:43 CET  (total: 00:00:03)
