Operating system: Linux
                  0.0.0 Linux 3.10.0-1160.99.1.el7.x86_64 #1 SMP Wed Sep 13 14:19:20 UTC 2023 x86_64
CPU: x86
     GenuineIntel family 6 model 60 stepping 3
     1 CPU

GPU: UNKNOWN

Crash reason:  DUMP_REQUESTED
Crash address: 0xf72d037d
Process uptime: not available

Thread 0 (crashed)
 0  libcbreakpad.so + 0x2e37d
    eip = 0xf72d037d   esp = 0x0083849e   ebp = 0xf6f62688   ebx = 0xf7303000
    esi = 0xf6f62738   edi = 0xf6f626b8   eax = 0x00000000   ecx = 0x00000001
    edx = 0x00000000   efl = 0xf72aac20
    Found by: given as instruction pointer in context
 1  libcbreakpad.so + 0x2c665
    eip = 0xf72ce665   esp = 0xf6f62690   ebp = 0xf6f627e8
    Found by: previous frame's frame pointer
 2  xmsim + 0x13489d0
    eip = 0x093909d0   esp = 0xf6f627f0   ebp = 0xf6f62ac8
    Found by: previous frame's frame pointer
 3  xmsim + 0x632c93
    eip = 0x0867ac93   esp = 0xf6f62ad0   ebp = 0xf6f62af8
    Found by: previous frame's frame pointer
 4  linux-gate.so + 0x410
    eip = 0xf7752410   esp = 0xf6f62b00   ebp = 0xf6a5c19c
    Found by: previous frame's frame pointer

Loaded modules:
0x08048000 - 0x0aaaafff  xmsim  ???  (main)  (WARNING: No symbols, xmsim, FB77C94B2A354310E8927E1F68C53F1B0)
0x0aaac000 - 0x0ac1ffff  xmsim  ???
0xf3925000 - 0xf398efff  libuvmapi_sv.so  ???
0xf398f000 - 0xf3991fff  libuvmapi_sv.so  ???
0xf3992000 - 0xf3a10fff  libuvmapi_generic.so  ???
0xf3a11000 - 0xf3a26fff  libz_sh.so  ???
0xf3a27000 - 0xf3a29fff  libz_sh.so  ???
0xf3a2a000 - 0xf3fb4fff  libucis.so  ???
0xf3fb5000 - 0xf3ff0fff  libucis.so  ???
0xf404d000 - 0xf4050fff  libxdt.so  ???
0xf4051000 - 0xf4053fff  libxdt.so  ???
0xf4097000 - 0xf409dfff  libuvmdpi.so  ???
0xf409e000 - 0xf40befff  libsdi2-sst2-nld.so  ???
0xf40bf000 - 0xf4140fff  libdwapi.so  ???
0xf4184000 - 0xf419afff  libz.so.1.2.7  ???
0xf419d000 - 0xf41a1fff  .nfs0000000009ea05d80000017e  ???
0xf41a2000 - 0xf41bafff  libsdi-verilog-nld.so  ???
0xf41bb000 - 0xf5311fff  librnc.so  ???
0xf6fac000 - 0xf7187fff  libStrapNC.so  ???
0xf7192000 - 0xf721bfff  libdcapi.so  ???
0xf721c000 - 0xf7225fff  libdcapi.so  ???
0xf7227000 - 0xf723ffff  libnsl-2.17.so  ???
0xf7242000 - 0xf724dfff  libnss_nis-2.17.so  ???
0xf724e000 - 0xf725afff  libnss_files-2.17.so  ???
0xf72a2000 - 0xf7304fff  libcbreakpad.so  ???  (WARNING: No symbols, libcbreakpad.so, 3612D8A3E98D657A4EC482474ABD6E880)
0xf730f000 - 0xf74d2fff  libc-2.17.so  ???
0xf74d3000 - 0xf74d6fff  libc-2.17.so  ???
0xf74da000 - 0xf74f6fff  libgcc_s.so.1  ???
0xf74f7000 - 0xf76cbfff  libstdc++.so.6.0.28  ???
0xf76cf000 - 0xf7710fff  libm-2.17.so  ???
0xf7711000 - 0xf7715fff  libdl-2.17.so  ???
0xf7716000 - 0xf772efff  libpthread-2.17.so  ???
0xf7733000 - 0xf773afff  libuvmpli.so  ???
0xf773b000 - 0xf7743fff  librt-2.17.so  ???
0xf7747000 - 0xf7750fff  libunicovdirmgr.so  ???
0xf7752000 - 0xf7752fff  linux-gate.so  ???  (WARNING: No symbols, linux-gate.so, D16C0C99B478EC84532B08275EBC8D500)
0xf7753000 - 0xf7776fff  ld-2.17.so  ???

******BACKTRACE*****
vserror [0x93909d0]
serror [0x9391e6a]
sv_seghandler_aux [0x867a6af]
sv_seghandler [0x867ac93]
sss_load_trg_data [0x8701f6b]
sss_trdrv_type [0x86f7be0]
ssl_net_type [0x8807ad2]
cov_tog_isvalid_net [0x8e460ba]
cov_tog_dump_vlog_helper [0x8e5178d]
cov_tog_dump [0x8e53795]
cov_data_create_instance.part.0 [0x8e95130]
sslu_traverse_scopes [0x889c659]
sslu_traverse_scopes [0x889d904]
traverseAllDut [0x8e6fe45]
cov_data_dump [0x8e96ef0]
cover_dump [0x829d2fd]
nc_prepare_to_exit [0x81f5cd2]
nc_fini [0x81f62e9]
nc_fini2 [0x81f6657]
scibeginswith [0x937c280]
ulmSuspend [0x8f29ae7]
simcmd_run_aux [0x820fa75]
simcmd_run [0x8211cd2]
run_command [0x82127da]
cmd_wrapper [0x85b523a]
TclInvokeStringCommand [0x8cc42cc]
Dispatch [0x8cc3d65]
TclNRRunCallbacks [0x8cc97bb]
Tcl_EvalObjv [0x8cc983d]
TclEvalEx [0x8ccba9b]
Tcl_EvalEx [0x8ccc19e]
TclNREvalObjEx [0x8ccc294]
TclEvalObjEx [0x8ccc584]
Tcl_EvalObjEx [0x8ccc5c4]
Tcl_RecordAndEvalObj [0x8d6c95e]
Tcl_RecordAndEval [0x8d6cb34]
cmd_tcl_run [0x85b918c]
xncmain [0x81f5259]
ncmain [0x81f4105]
main [0x9c8d0c6]
_start [0x8169d0d]
******BACKTRACE END*****