TOOL:	xrun	21.03-s009: Started on Nov 29, 2023 at 21:23:03 CET
xrun
	-elaborate
	-l xrun_elaborate.log
	-F ../tb/tb.f
		tinyalu_pkg.sv
		tinyalu_bfm.sv
		-F ../tb/../../common/tinyalu/tinyalu.f
			single_cycle.sv
			three_cycle.sv
			tinyalu.sv
		top.sv
		+incdir+tb_classes
		+incdir+.
		+nowarn+DSEMEL
		+nowarnBADPRF
		-uvm
		-uvmhome /eda/cadence/2021-22/RHELx86/XCELIUM_21.03.009/tools/methodology/UVM/CDNS-1.2/sv
		+UVM_NO_RELNOTES
		+UVM_VERBOSITY=MEDIUM
		-linedebug
		-fsmdebug
		-uvmlinedebug
	-v93
	+nowarnDSEM2009
	+nowarnDSEMEL
	+nowarnCGDEFN
	+nowarnCOVUTA
	+nowarnBADPRF
	+nowarnXCLGNOPTM
	+nowarnRNDXCELON
	+nowarnSAWSTP
	-xmlibdirname INCA_libs
	+overwrite
	-nocopyright
	-coverage all
	-covoverwrite
	-covfile xrun_covfile.txt

   User defined plus("+") options:
	+UVM_NO_RELNOTES
	+UVM_VERBOSITY=MEDIUM

		Caching library 'worklib' ....... Done
	Elaborating the design hierarchy:
	Top level design units:
		uvm_pkg
		cdns_uvmapi
		cdns_assert2uvm_pkg
		cdns_uvm_pkg
		tinyalu_pkg
		$unit_0x2a701214
		top

	Extracting FSMs for coverage:
		worklib.single_cycle
		worklib.three_cycle
		worklib.tinyalu
		worklib.top
	Total FSMs extracted = 0
	Building instance overlay tables: .................... Done
	Enabling instrumentation for coverage types: block expression FSM toggle functional
	Generating native compiled code:
		worklib.three_cycle:sv <0x11feb037>
			streams:  13, words:  6290
		worklib.single_cycle:sv <0x17567387>
			streams:  10, words:  6145
		worklib.tinyalu:sv <0x7c25fc63>
			streams:   4, words:  3524
		worklib.uvm_pkg:sv <0x2ba575bf>
			streams:   8, words:  7892
		worklib.uvm_pkg:sv <0x445ad0ab>
			streams:   8, words:  7580
		worklib.uvm_pkg:sv <0x76f01bd7>
			streams:   7, words:  7057
		worklib.uvm_pkg:sv <0x6669b499>
			streams:  29, words: 28118
		worklib.uvm_pkg:sv <0x3ec0cd09>
			streams:   7, words:  2315
		worklib.uvm_pkg:sv <0x1fa7d23a>
			streams:  26, words: 62449
		worklib.uvm_pkg:sv <0x3a7540e4>
			streams:   7, words:  2309
		worklib.uvm_pkg:sv <0x6126a623>
			streams:   7, words:  2972
		worklib.uvm_pkg:sv <0x01730824>
			streams:   7, words:  2972
		worklib.uvm_pkg:sv <0x35b2bfe8>
			streams:  18, words: 18890
		worklib.uvm_pkg:sv <0x219ea276>
			streams:  28, words: 31934
		worklib.uvm_pkg:sv <0x27f2dbcd>
			streams:  27, words: 30028
		worklib.uvm_pkg:sv <0x328b2214>
			streams:  23, words: 28508
		worklib.uvm_pkg:sv <0x53ae4430>
			streams:  17, words: 17760
		worklib.uvm_pkg:sv <0x33089842>
			streams:  26, words: 49807
		worklib.uvm_pkg:sv <0x0a30d023>
			streams:   7, words:  2570
		worklib.uvm_pkg:sv <0x65ddaa4e>
			streams:  16, words: 22579
		worklib.uvm_pkg:sv <0x7c890cfb>
			streams:  26, words: 36999
		worklib.uvm_pkg:sv <0x7139e628>
			streams:  25, words: 62985
		worklib.uvm_pkg:sv <0x49168eb8>
			streams:  27, words: 40179
		worklib.uvm_pkg:sv <0x01da2b57>
			streams:  26, words: 56028
		worklib.uvm_pkg:sv <0x3db2d93c>
			streams:  27, words: 43424
		worklib.uvm_pkg:sv <0x79cd6d87>
			streams:  25, words: 61988
		worklib.uvm_pkg:sv <0x324d6c5f>
			streams:  27, words: 45553
		worklib.uvm_pkg:sv <0x38cb5b89>
			streams:  25, words: 66963
		worklib.uvm_pkg:sv <0x58b4f0ad>
			streams:  27, words: 51671
		worklib.uvm_pkg:sv <0x01b2f321>
			streams:  25, words: 61311
		worklib.uvm_pkg:sv <0x16ae7e87>
			streams:  25, words: 62868
		worklib.uvm_pkg:sv <0x3ff8ec61>
			streams:  27, words: 42325
		worklib.uvm_pkg:sv <0x3a2ee1be>
			streams:  25, words: 58906
		worklib.uvm_pkg:sv <0x2c1af552>
			streams:  29, words: 108740
		worklib.uvm_pkg:sv <0x28cfc00d>
			streams:  72, words: 143728
		worklib.cdns_uvm_pkg:sv <0x0c4d8ad5>
			streams:   9, words:  5026
		worklib.cdns_uvm_pkg:sv <0x7f5c992c>
			streams:  10, words:  8472
		worklib.uvm_pkg:sv <0x1117544b>
			streams:  23, words: 21994
		worklib.tinyalu_pkg:sv <0x65ab53f6>
			streams:  24, words: 22726
		worklib.uvm_pkg:sv <0x0324de4a>
			streams:   7, words:  2972
		worklib.uvm_pkg:sv <0x31a0c793>
			streams:  25, words: 30660
		worklib.uvm_pkg:sv <0x61d262a2>
			streams:  33, words: 33824
		worklib.uvm_pkg:sv <0x75f42c69>
			streams:  40, words: 34300
		worklib.uvm_pkg:sv <0x120bbdef>
			streams: 120, words: 107520
		worklib.uvm_pkg:sv <0x6bc663de>
			streams:  23, words: 20799
		worklib.tinyalu_pkg:sv <0x05fb0a57>
			streams:  24, words: 22256
		worklib.tinyalu_pkg:sv <0x1bd37094>
			streams:  18, words: 15444
		worklib.tinyalu_bfm:sv <0x03c919cd>
			streams: 286, words: 432261
		worklib.tinyalu_pkg:sv <0x40417582>
			streams:   1, words:  3427
		worklib.cdns_uvm_pkg:sv <0x13db5fd4>
			streams: 232, words: 440359
		worklib.cdns_uvmapi:svp <0x2bd45435>
			streams:  27, words: 36495
		worklib.cdns_assert2uvm_pkg:sv <0x7b006f76>
			streams:   3, words:  2676
		worklib.uvm_pkg:sv <0x28ea8ad3>
			streams: 5575, words: 10814908
	Building instance specific data structures.
	Performing constant object marking (COM) analysis.
	Loading native compiled code:     .................... Done
	Design hierarchy summary:
		                       Instances  Unique
		Modules:                       4       4
		Interfaces:                    1       1
		Verilog packages:              5       5
		Registers:                 16378   11683
		Scalar wires:                  9       -
		Vectored wires:                8       -
		Named events:                  4      12
		Always blocks:                 5       5
		Initial blocks:              330     168
		Parallel blocks:              27      28
		Cont. assignments:             5       5
		Pseudo assignments:            6       6
		Assertions:                    4       4
		Covergroup Instances:          0       2
		Compilation units:             1       1
		SV Class declarations:       238     350
		SV Class specializations:    442     442
		Simulation timescale:        1ps
	Writing initial simulation snapshot: worklib.top:sv
TOOL:	xrun	21.03-s009: Exiting on Nov 29, 2023 at 21:23:07 CET  (total: 00:00:04)
