*I,RUNLD: Successfully loaded run /home/student/kbajur/VDIC/lab08/run/cov_work/scope/dual_test.
*I,MERGL1: Merging Simulation Coverage ...
----------------------------
*I,MERGL1: Preparing target model ...
*I,MERGL1: Reading model of primary run (cov_work/scope/dual_test) as initial model: cov_work/scope/icc_2a0f355d_23b6a2ae.ucm
*I,MERGL1: Target model generated successfully.
*I,MERGL1: Projecting Simulation ucd data into the target model ...
*I,MERGL2:   cov_work/scope/dual_test:
*I,MERGL3:       Data is projected in to the target model.
*I,MERGL1: Writing output database cov_work/scope/merged_results:
*I,MERGL2:   Model: cov_work/scope/merged_results/icc_2a0f355d_23b6a2ae.ucm
*I,MERGL2:   Data : cov_work/scope/merged_results/icc_2a0f355d_23b6a2ae.ucd
*I,MERGL1: No Specman coverage databases found in the runs.
Total conflicts during target model creation: 0
Total items not merged                      : 0
Total runs not considered during target model creation: 0
Total runs not merged                                 : 0
*I,RUNLD: Successfully loaded run /home/student/kbajur/VDIC/lab08/run/cov_work/scope/merged_results.
*W,REPDEP: This is a legacy report and no future enhancement is planned for this report. It is recommended that you use the 'report_metrics' command and generate a dynamic report.
name                                     Overall Average      Overall Covered      Code Average         Code Covered         Fsm Average          Fsm Covered          Functional Average   Functional Covered   
-----------------------------------------------------------------------------------------------------------------------------------------------------------------------------------------------------------------
uvm_pkg                                  n/a                  n/a                  n/a                  n/a                  n/a                  n/a                  n/a                  n/a                  
|--uvm_test_top                          n/a                  n/a                  n/a                  n/a                  n/a                  n/a                  n/a                  n/a                  
| |--env_h                               n/a                  n/a                  n/a                  n/a                  n/a                  n/a                  n/a                  n/a                  
| | |--class_mult_agent_h                n/a                  n/a                  n/a                  n/a                  n/a                  n/a                  n/a                  n/a                  
| | | |--coverage_h                      100.00%              100.00% (16/16)      n/a                  n/a                  n/a                  n/a                  100.00%              100.00% (16/16)      
| | |--module_mult_agent_h               n/a                  n/a                  n/a                  n/a                  n/a                  n/a                  n/a                  n/a                  
| | | |--coverage_h                      0.00%                0.00% (0/16)         n/a                  n/a                  n/a                  n/a                  0.00%                0.00% (0/16)         
| | |--module_mult_agent_h2              n/a                  n/a                  n/a                  n/a                  n/a                  n/a                  n/a                  n/a                  
| | | |--coverage_h                      100.00%              100.00% (16/16)      n/a                  n/a                  n/a                  n/a                  100.00%              100.00% (16/16)      
top                                      100.00%              100.00% (3/3)        100.00%              100.00% (3/3)        n/a                  n/a                  n/a                  n/a                  
|--class_bfm                             92.81%               95.92% (94/98)       92.81%               95.92% (94/98)       n/a                  n/a                  n/a                  n/a                  
|--class_dut                             98.63%               98.63% (72/73)       98.63%               98.63% (72/73)       n/a                  n/a                  n/a                  n/a                  
|--module_bfm                            90.64%               94.90% (93/98)       90.64%               94.90% (93/98)       n/a                  n/a                  n/a                  n/a                  
|--module_dut                            98.63%               98.63% (72/73)       98.63%               98.63% (72/73)       n/a                  n/a                  n/a                  n/a                  
|--stim_module                           95.45%               94.74% (36/38)       95.45%               94.74% (36/38)       n/a                  n/a                  n/a                  n/a                  
