TOOL:	xrun	21.03-s009: Started on Jan 04, 2024 at 00:27:27 CET
xrun
	-F ../tb/tb.f
		mult_pkg.sv
		mult_bfm.sv
		../../common/vdic_dut_2023.svp
		top.sv
		+incdir+tb_classes
		+incdir+.
		+nowarn+DSEMEL
		+nowarnBADPRF
		-uvm
		-uvmhome /eda/cadence/2021-22/RHELx86/XCELIUM_21.03.009/tools/methodology/UVM/CDNS-1.2/sv
		+UVM_NO_RELNOTES
		+UVM_VERBOSITY=MEDIUM
		-linedebug
		-fsmdebug
		-uvmlinedebug
	-v93
	+nowarnDSEM2009
	+nowarnDSEMEL
	+nowarnCGDEFN
	+nowarnCOVUTA
	+nowarnBADPRF
	+nowarnXCLGNOPTM
	+nowarnRNDXCELON
	+nowarnSAWSTP
	-xmlibdirname INCA_libs_gui
	+access+r
	+gui
	+overwrite
	-nocopyright
	-coverage all
	-covoverwrite
	-covfile xrun_covfile.txt
	+UVM_TESTNAME=runall_test
	-l xrun_gui.log

   User defined plus("+") options:
	+UVM_NO_RELNOTES
	+UVM_VERBOSITY=MEDIUM

SVSEED default: 1

-------------------------------------
Relinquished control to SimVision...
xcelium> 
xcelium> source /eda/cadence/2021-22/RHELx86/XCELIUM_21.03.009/tools/xcelium/files/xmsimrc
xcelium> source /eda/cadence/2021-22/RHELx86/XCELIUM_21.03.009/tools/methodology/UVM/CDNS-1.2/sv/files/tcl/uvm_sim.tcl
xcelium> database -open waves -into waves.shm -default
Created default SHM database waves
xcelium> probe -create -shm top.DUT.rst_n top.DUT.result_parity top.DUT.result_rdy top.DUT.result top.DUT.req top.DUT.clk top.DUT.arg_parity_error top.DUT.arg_b_parity top.DUT.arg_b top.DUT.arg_a_parity top.DUT.arg_a top.DUT.ack
Created probe 1
xcelium> run
UVM_INFO @ 0: reporter [RNTST] Running test runall_test...
UVM_INFO /eda/cadence/2021-22/RHELx86/XCELIUM_21.03.009/tools/methodology/UVM/CDNS-1.2/sv/src/base/uvm_root.svh(605) @ 0: reporter [UVMTOP] UVM testbench topology:
----------------------------------------------------------------
Name                     Type                        Size  Value
----------------------------------------------------------------
uvm_test_top             runall_test                 -     @1947
  env_h                  env                         -     @2024
    command_monitor_h    command_monitor             -     @2844
      ap                 uvm_analysis_port           -     @3095
    coverage_h           coverage                    -     @2906
      analysis_imp       uvm_analysis_imp            -     @2956
    driver_h             driver                      -     @2713
      rsp_port           uvm_analysis_port           -     @2813
      seq_item_port      uvm_seq_item_pull_port      -     @2763
    result_monitor       result_monitor              -     @2875
      ap                 uvm_analysis_port           -     @3156
    scoreboard           scoreboard                  -     @2989
      analysis_imp       uvm_analysis_imp            -     @3039
      cmd_f              uvm_tlm_analysis_fifo #(T)  -     @3187
        analysis_export  uvm_analysis_imp            -     @3436
        get_ap           uvm_analysis_port           -     @3385
        get_peek_export  uvm_get_peek_imp            -     @3287
        put_ap           uvm_analysis_port           -     @3336
        put_export       uvm_put_imp                 -     @3238
    sequencer_h          uvm_sequencer               -     @2056
      rsp_export         uvm_analysis_export         -     @2118
      seq_item_export    uvm_seq_item_pull_imp       -     @2680
      arbitration_queue  array                       0     -    
      lock_queue         array                       0     -    
      num_last_reqs      integral                    32    'd1  
      num_last_rsps      integral                    32    'd1  
----------------------------------------------------------------

UVM_INFO ../tb/tb_classes/runall_sequence.svh(56) @ 0: reporter@@runall_seq [SEQ_RUNALL] 
UVM_INFO ../tb/tb_classes/random_sequence.svh(36) @ 0: uvm_test_top.env_h.sequencer_h@@random [SEQ_RANDOM] 
stop -create -name Randomize -randomize
Created stop Randomize

UVM_INFO ../tb/tb_classes/maxmult_sequence.svh(36) @ 308370: uvm_test_top.env_h.sequencer_h@@min_max [SEQ_MIN_MAX] 
UVM_INFO /eda/cadence/2021-22/RHELx86/XCELIUM_21.03.009/tools/methodology/UVM/CDNS-1.2/sv/src/base/uvm_objection.svh(1271) @ 362500: reporter [TEST_DONE] 'run' phase is ready to proceed to the 'extract' phase
UVM_INFO ../tb/tb_classes/scoreboard.svh(123) @ 362500: uvm_test_top.env_h.scoreboard [SELF CHECKTER] Reporting test result below
[1;30m[102m-----------------------------------
----------- Test PASSED -----------
-----------------------------------[0m

UVM_INFO /eda/cadence/2021-22/RHELx86/XCELIUM_21.03.009/tools/methodology/UVM/CDNS-1.2/sv/src/base/uvm_report_catcher.svh(705) @ 362500: reporter [UVM/REPORT/CATCHER] 
--- UVM Report catcher Summary ---


Number of demoted UVM_FATAL reports  :    0
Number of demoted UVM_ERROR reports  :    0
Number of demoted UVM_WARNING reports:    0
Number of caught UVM_FATAL reports   :    0
Number of caught UVM_ERROR reports   :    0
Number of caught UVM_WARNING reports :    0

UVM_INFO /eda/cadence/2021-22/RHELx86/XCELIUM_21.03.009/tools/methodology/UVM/CDNS-1.2/sv/src/base/uvm_report_server.svh(847) @ 362500: reporter [UVM/REPORT/SERVER] 
--- UVM Report Summary ---

** Report counts by severity
UVM_INFO :    8
UVM_WARNING :    0
UVM_ERROR :    0
UVM_FATAL :    0
** Report counts by id
[RNTST]     1
[SELF CHECKTER]     1
[SEQ_MIN_MAX]     1
[SEQ_RANDOM]     1
[SEQ_RUNALL]     1
[TEST_DONE]     1
[UVM/REPORT/CATCHER]     1
[UVMTOP]     1

Simulation complete via $finish(1) at time 362500 NS + 68
/eda/cadence/2021-22/RHELx86/XCELIUM_21.03.009/tools/methodology/UVM/CDNS-1.2/sv/src/base/uvm_root.svh:543     $finish;
xcelium> ^C
xcelium> exit
See ./cov_work/scope/test/icc.com file for message(s) on coverage constant object marking

coverage setup:
  workdir  :  ./cov_work
  dutinst  :  top(top)
  scope    :  scope
  testname :  test

coverage files:
  model(design data) :  ./cov_work/scope/icc_043278ff_31f22bf8.ucm
  data               :  ./cov_work/scope/test/icc_043278ff_31f22bf8.ucd
TOOL:	xrun	21.03-s009: Exiting on Jan 04, 2024 at 00:28:06 CET  (total: 00:00:39)
