TOOL:	xrun	21.03-s009: Started on Nov 16, 2023 at 09:59:18 CET
xrun
	-compile
	-l xrun_compile.log
	-F ../tb/tb.f
		lab4part1.sv
	-v93
	-define DEBUG
	+nowarnDSEM2009
	+nowarnDSEMEL
	+nowarnCGDEFN
	+nowarnCOVUTA
	+nowarnBADPRF
	+nowarnXCLGNOPTM
	+nowarnRNDXCELON
	+nowarnSAWSTP
	-xmlibdirname INCA_libs
	+overwrite
	-nocopyright
	-coverage all
	-covoverwrite
	-covfile xrun_covfile.txt
file: ../tb/lab4part1.sv
	module worklib.top:sv
		errors: 0, warnings: 0
TOOL:	xrun	21.03-s009: Exiting on Nov 16, 2023 at 09:59:18 CET  (total: 00:00:00)
